Using pre-set license
Built from '2020.2/staging' branch; Version is '2020.2.7f1 (c53830e277f1) revision 12924976'; Using compiler version '192528614'; Build Type 'Release'
OS: 'Windows 10 Pro; OS build 19042.867; Version 2009; 64bit' Language: 'en' Physical Memory: 8146 MB
BatchMode: 1, IsHumanControllingUs: 0, StartBugReporterOnCrash: 0, Is64bit: 1, IsPro: 0

 COMMAND LINE ARGUMENTS:
C:\Program Files\Unity\2020.2.7f1\Editor\Unity.exe
-adb2
-batchMode
-noUpm
-name
AssetImportWorker0
-projectPath
E:/Workspace/Co-Op
-logFile
Logs/AssetImportWorker0.log
-srvPort
58065
Successfully changed project path to: E:/Workspace/Co-Op
E:/Workspace/Co-Op
Using Asset Import Pipeline V2.
Refreshing native plugins compatible for Editor in 66.53 ms, found 0 plugins.
Preloading 0 native plugins for Editor in 0.00 ms.
Initialize engine version: 2020.2.7f1 (c53830e277f1)
[Subsystems] Discovering subsystems at path C:/Program Files/Unity/2020.2.7f1/Editor/Data/Resources/UnitySubsystems
[Subsystems] Discovering subsystems at path E:/Workspace/Co-Op/Assets
GfxDevice: creating device client; threaded=0
Direct3D:
    Version:  Direct3D 11.0 [level 11.1]
    Renderer: NVIDIA GeForce RTX 2060 (ID=0x1f08)
    Vendor:   
    VRAM:     5980 MB
    Driver:   27.21.14.6611
Initialize mono
Mono path[0] = 'C:/Program Files/Unity/2020.2.7f1/Editor/Data/Managed'
Mono path[1] = 'C:/Program Files/Unity/2020.2.7f1/Editor/Data/MonoBleedingEdge/lib/mono/unityjit'
Mono config path = 'C:/Program Files/Unity/2020.2.7f1/Editor/Data/MonoBleedingEdge/etc'
Using monoOptions --debugger-agent=transport=dt_socket,embedding=1,server=y,suspend=n,address=127.0.0.1:56488
Begin MonoManager ReloadAssembly
Registering precompiled unity dll's ...
Register platform support module: C:/Program Files/Unity/2020.2.7f1/Editor/Data/PlaybackEngines/WebGLSupport/UnityEditor.WebGL.Extensions.dll
Register platform support module: C:/Program Files/Unity/2020.2.7f1/Editor/Data/PlaybackEngines/WindowsStandaloneSupport/UnityEditor.WindowsStandalone.Extensions.dll
Registered in 0.003594 seconds.
Native extension for WindowsStandalone target not found
Native extension for WebGL target not found
Refreshing native plugins compatible for Editor in 59.61 ms, found 0 plugins.
Preloading 0 native plugins for Editor in 0.00 ms.
Invoked RoslynAnalysisRunner static constructor.
RoslynAnalysisRunner will not be running.
RoslynAnalysisRunner has terminated.
Mono: successfully reloaded assembly
- Completed reload, in  1.752 seconds
Platform modules already initialized, skipping
Registering precompiled user dll's ...
Registered in 0.004134 seconds.
Begin MonoManager ReloadAssembly
Native extension for WindowsStandalone target not found
Native extension for WebGL target not found
Refreshing native plugins compatible for Editor in 62.92 ms, found 0 plugins.
Preloading 0 native plugins for Editor in 0.00 ms.
Invoked RoslynAnalysisRunner static constructor.
RoslynAnalysisRunner will not be running.
RoslynAnalysisRunner has terminated.
Mono: successfully reloaded assembly
- Completed reload, in  1.686 seconds
Platform modules already initialized, skipping
========================================================================
Worker process is ready to serve import requests
Shader 'Universal Render Pipeline/Particles/Lit': fallback shader 'Universal Render Pipeline/Particles/SimpleLit' not found
Shader 'Universal Render Pipeline/Particles/Lit': fallback shader 'Universal Render Pipeline/Particles/SimpleLit' not found
Launched and connected shader compiler UnityShaderCompiler.exe after 0.18 seconds
Refreshing native plugins compatible for Editor in 1.76 ms, found 0 plugins.
Preloading 0 native plugins for Editor in 0.00 ms.
Unloading 2654 Unused Serialized files (Serialized files now loaded: 0)
System memory in use before: 121.5 MB.
System memory in use after: 119.2 MB.

Unloading 52 unused Assets to reduce memory usage. Loaded Objects now: 3061.
Total: 5.703300 ms (FindLiveObjects: 0.496400 ms CreateObjectMapping: 0.208200 ms MarkObjects: 3.103000 ms  DeleteObjects: 1.893500 ms)

========================================================================
Received Import Request.
  path: Assets/Presets/AudioStreaming.preset
  artifactKey: Guid(86bcce7f5575b54408aa0f3a7d321039) Importer(815301076,1909f56bfc062723c751e8b465ee728b)
Start importing Assets/Presets/AudioStreaming.preset using Guid(86bcce7f5575b54408aa0f3a7d321039) Importer(815301076,1909f56bfc062723c751e8b465ee728b)  -> (artifact id: '07558e51ebcf1badd6385bd0a3d44b56') in 0.429967 seconds
  Import took 0.504882 seconds .

========================================================================
Received Import Request.
  Time since last request: 0.001060 seconds.
  path: Assets/Presets/AudioCompressedInMemory.preset
  artifactKey: Guid(2dd802e4d37c65149922028d3e973832) Importer(815301076,1909f56bfc062723c751e8b465ee728b)
Start importing Assets/Presets/AudioCompressedInMemory.preset using Guid(2dd802e4d37c65149922028d3e973832) Importer(815301076,1909f56bfc062723c751e8b465ee728b)  -> (artifact id: '3054d29c816dfada24e9b22d8ffd2f48') in 0.007350 seconds
  Import took 0.030085 seconds .

========================================================================
Received Import Request.
  Time since last request: 0.001484 seconds.
  path: Assets/Presets/NormalTexture.preset
  artifactKey: Guid(14a57cf3b9fa1c74b884aa7e0dcf1faa) Importer(815301076,1909f56bfc062723c751e8b465ee728b)
Start importing Assets/Presets/NormalTexture.preset using Guid(14a57cf3b9fa1c74b884aa7e0dcf1faa) Importer(815301076,1909f56bfc062723c751e8b465ee728b)  -> (artifact id: '904b5aceb3c40070a14347af41ab7184') in 0.096691 seconds
  Import took 0.181861 seconds .

========================================================================
Received Import Request.
  Time since last request: 0.000474 seconds.
  path: Assets/Presets/UtilityTexture.preset
  artifactKey: Guid(45f7b2e3c78185248b3adbb14429c2ab) Importer(815301076,1909f56bfc062723c751e8b465ee728b)
Start importing Assets/Presets/UtilityTexture.preset using Guid(45f7b2e3c78185248b3adbb14429c2ab) Importer(815301076,1909f56bfc062723c751e8b465ee728b)  -> (artifact id: '5b4d3697338f1f6f295d7d43961cf4ee') in 0.035080 seconds
  Import took 0.053644 seconds .

========================================================================
Received Import Request.
  Time since last request: 41.588399 seconds.
  path: Assets/Resources/Prefabs/Player.prefab
  artifactKey: Guid(24d9a9b7d14f6414b96ae4b684cd9623) Importer(815301076,1909f56bfc062723c751e8b465ee728b)
Start importing Assets/Resources/Prefabs/Player.prefab using Guid(24d9a9b7d14f6414b96ae4b684cd9623) Importer(815301076,1909f56bfc062723c751e8b465ee728b)  -> (artifact id: '0650251a0a6c42c0b5e7d21f24b38feb') in 0.408234 seconds
  Import took 0.438210 seconds .

========================================================================
Received Import Request.
  Time since last request: 1.686169 seconds.
  path: Assets/Resources/Prefabs/Player.prefab
  artifactKey: Guid(24d9a9b7d14f6414b96ae4b684cd9623) Importer(815301076,1909f56bfc062723c751e8b465ee728b)
Start importing Assets/Resources/Prefabs/Player.prefab using Guid(24d9a9b7d14f6414b96ae4b684cd9623) Importer(815301076,1909f56bfc062723c751e8b465ee728b)  -> (artifact id: '92f97bc46322c7a9adf26453c89aeff4') in 0.027636 seconds
  Import took 0.050847 seconds .

========================================================================
Received Import Request.
  Time since last request: 4.285488 seconds.
  path: Assets/Resources/Prefabs/Player.prefab
  artifactKey: Guid(24d9a9b7d14f6414b96ae4b684cd9623) Importer(815301076,1909f56bfc062723c751e8b465ee728b)
Start importing Assets/Resources/Prefabs/Player.prefab using Guid(24d9a9b7d14f6414b96ae4b684cd9623) Importer(815301076,1909f56bfc062723c751e8b465ee728b)  -> (artifact id: '984835f939a73706382210bbc1c6aba8') in 0.033002 seconds
  Import took 0.061637 seconds .

========================================================================
Received Import Request.
  Time since last request: 10.237093 seconds.
  path: Assets/Resources/Prefabs/Player.prefab
  artifactKey: Guid(24d9a9b7d14f6414b96ae4b684cd9623) Importer(815301076,1909f56bfc062723c751e8b465ee728b)
Start importing Assets/Resources/Prefabs/Player.prefab using Guid(24d9a9b7d14f6414b96ae4b684cd9623) Importer(815301076,1909f56bfc062723c751e8b465ee728b)  -> (artifact id: 'efeb3232cf0e2bee6a36bb749b5c8966') in 0.030951 seconds
  Import took 0.049189 seconds .

========================================================================
Received Import Request.
  Time since last request: 181.119235 seconds.
  path: Assets/Resources/Prefabs/Player.prefab
  artifactKey: Guid(24d9a9b7d14f6414b96ae4b684cd9623) Importer(815301076,1909f56bfc062723c751e8b465ee728b)
Start importing Assets/Resources/Prefabs/Player.prefab using Guid(24d9a9b7d14f6414b96ae4b684cd9623) Importer(815301076,1909f56bfc062723c751e8b465ee728b)  -> (artifact id: '4cb36436f57ba6ac62c912de3edfece3') in 0.050179 seconds
  Import took 0.069507 seconds .

========================================================================
Received Prepare
Registering precompiled user dll's ...
Registered in 0.005732 seconds.
Begin MonoManager ReloadAssembly
Native extension for WindowsStandalone target not found
Native extension for WebGL target not found
Refreshing native plugins compatible for Editor in 0.44 ms, found 0 plugins.
Preloading 0 native plugins for Editor in 0.00 ms.
Invoked RoslynAnalysisRunner static constructor.
RoslynAnalysisRunner will not be running.
RoslynAnalysisRunner has terminated.
Mono: successfully reloaded assembly
- Completed reload, in  1.221 seconds
Platform modules already initialized, skipping
Shader 'Universal Render Pipeline/Particles/Lit': fallback shader 'Universal Render Pipeline/Particles/SimpleLit' not found
Shader 'Universal Render Pipeline/Particles/Lit': fallback shader 'Universal Render Pipeline/Particles/SimpleLit' not found
Refreshing native plugins compatible for Editor in 0.44 ms, found 0 plugins.
Preloading 0 native plugins for Editor in 0.00 ms.
Unloading 2567 Unused Serialized files (Serialized files now loaded: 0)
System memory in use before: 122.7 MB.
System memory in use after: 120.5 MB.

Unloading 46 unused Assets to reduce memory usage. Loaded Objects now: 3112.
Total: 4.606400 ms (FindLiveObjects: 0.483700 ms CreateObjectMapping: 0.189800 ms MarkObjects: 1.905600 ms  DeleteObjects: 2.025400 ms)

========================================================================
Received Prepare
Registering precompiled user dll's ...
Registered in 0.007224 seconds.
Begin MonoManager ReloadAssembly
Native extension for WindowsStandalone target not found
Native extension for WebGL target not found
Refreshing native plugins compatible for Editor in 0.44 ms, found 0 plugins.
Preloading 0 native plugins for Editor in 0.00 ms.
Invoked RoslynAnalysisRunner static constructor.
RoslynAnalysisRunner will not be running.
RoslynAnalysisRunner has terminated.
Mono: successfully reloaded assembly
- Completed reload, in  1.220 seconds
Platform modules already initialized, skipping
Shader 'Universal Render Pipeline/Particles/Lit': fallback shader 'Universal Render Pipeline/Particles/SimpleLit' not found
Shader 'Universal Render Pipeline/Particles/Lit': fallback shader 'Universal Render Pipeline/Particles/SimpleLit' not found
Refreshing native plugins compatible for Editor in 0.71 ms, found 0 plugins.
Preloading 0 native plugins for Editor in 0.00 ms.
Unloading 2567 Unused Serialized files (Serialized files now loaded: 0)
System memory in use before: 122.7 MB.
System memory in use after: 120.5 MB.

Unloading 46 unused Assets to reduce memory usage. Loaded Objects now: 3116.
Total: 5.249000 ms (FindLiveObjects: 0.975500 ms CreateObjectMapping: 0.242800 ms MarkObjects: 2.462500 ms  DeleteObjects: 1.566000 ms)

========================================================================
Received Import Request.
  Time since last request: 484.540261 seconds.
  path: Assets/Resources/Prefabs/Player.prefab
  artifactKey: Guid(24d9a9b7d14f6414b96ae4b684cd9623) Importer(815301076,1909f56bfc062723c751e8b465ee728b)
Start importing Assets/Resources/Prefabs/Player.prefab using Guid(24d9a9b7d14f6414b96ae4b684cd9623) Importer(815301076,1909f56bfc062723c751e8b465ee728b)  -> (artifact id: 'abe7e2f502bed77fe61242df5cabbc60') in 0.358276 seconds
  Import took 0.411163 seconds .

========================================================================
Received Import Request.
  Time since last request: 14.007437 seconds.
  path: Assets/Resources/Prefabs/Player.prefab
  artifactKey: Guid(24d9a9b7d14f6414b96ae4b684cd9623) Importer(815301076,1909f56bfc062723c751e8b465ee728b)
Start importing Assets/Resources/Prefabs/Player.prefab using Guid(24d9a9b7d14f6414b96ae4b684cd9623) Importer(815301076,1909f56bfc062723c751e8b465ee728b)  -> (artifact id: '5d8d6db3718613ce513dd87ecc6a7060') in 0.051368 seconds
  Import took 0.080371 seconds .

========================================================================
Received Import Request.
  Time since last request: 13.990576 seconds.
  path: Assets/Resources/Prefabs/Player.prefab
  artifactKey: Guid(24d9a9b7d14f6414b96ae4b684cd9623) Importer(815301076,1909f56bfc062723c751e8b465ee728b)
Start importing Assets/Resources/Prefabs/Player.prefab using Guid(24d9a9b7d14f6414b96ae4b684cd9623) Importer(815301076,1909f56bfc062723c751e8b465ee728b)  -> (artifact id: '2313e6de2576ef5b377fa73781a26737') in 0.034718 seconds
  Import took 0.070218 seconds .

========================================================================
Received Prepare
Registering precompiled user dll's ...
Registered in 0.005194 seconds.
Begin MonoManager ReloadAssembly
Native extension for WindowsStandalone target not found
Native extension for WebGL target not found
Refreshing native plugins compatible for Editor in 0.60 ms, found 0 plugins.
Preloading 0 native plugins for Editor in 0.00 ms.
Invoked RoslynAnalysisRunner static constructor.
RoslynAnalysisRunner will not be running.
RoslynAnalysisRunner has terminated.
Mono: successfully reloaded assembly
- Completed reload, in  1.382 seconds
Platform modules already initialized, skipping
Shader 'Universal Render Pipeline/Particles/Lit': fallback shader 'Universal Render Pipeline/Particles/SimpleLit' not found
Shader 'Universal Render Pipeline/Particles/Lit': fallback shader 'Universal Render Pipeline/Particles/SimpleLit' not found
Refreshing native plugins compatible for Editor in 0.53 ms, found 0 plugins.
Preloading 0 native plugins for Editor in 0.00 ms.
Unloading 2567 Unused Serialized files (Serialized files now loaded: 0)
System memory in use before: 122.9 MB.
System memory in use after: 120.7 MB.

Unloading 46 unused Assets to reduce memory usage. Loaded Objects now: 3156.
Total: 8.317800 ms (FindLiveObjects: 0.460200 ms CreateObjectMapping: 0.193100 ms MarkObjects: 5.305600 ms  DeleteObjects: 2.357000 ms)

========================================================================
Received Import Request.
  Time since last request: 121.423298 seconds.
  path: Assets/Resources/Prefabs/Player.prefab
  artifactKey: Guid(24d9a9b7d14f6414b96ae4b684cd9623) Importer(815301076,1909f56bfc062723c751e8b465ee728b)
Start importing Assets/Resources/Prefabs/Player.prefab using Guid(24d9a9b7d14f6414b96ae4b684cd9623) Importer(815301076,1909f56bfc062723c751e8b465ee728b)  -> (artifact id: '4d299497689a7ed8695aca5463d57ee9') in 0.295537 seconds
  Import took 0.309333 seconds .

========================================================================
Received Import Request.
  Time since last request: 2.135977 seconds.
  path: Assets/Resources/Prefabs/Player.prefab
  artifactKey: Guid(24d9a9b7d14f6414b96ae4b684cd9623) Importer(815301076,1909f56bfc062723c751e8b465ee728b)
Start importing Assets/Resources/Prefabs/Player.prefab using Guid(24d9a9b7d14f6414b96ae4b684cd9623) Importer(815301076,1909f56bfc062723c751e8b465ee728b)  -> (artifact id: '4d6892c4f0664eca0c6a0dd1d6d2223d') in 0.031861 seconds
  Import took 0.055411 seconds .

========================================================================
Received Import Request.
  Time since last request: 2.850966 seconds.
  path: Assets/Resources/Prefabs/Player.prefab
  artifactKey: Guid(24d9a9b7d14f6414b96ae4b684cd9623) Importer(815301076,1909f56bfc062723c751e8b465ee728b)
Start importing Assets/Resources/Prefabs/Player.prefab using Guid(24d9a9b7d14f6414b96ae4b684cd9623) Importer(815301076,1909f56bfc062723c751e8b465ee728b)  -> (artifact id: 'a247ecdcf9963ed30a8667d74a9504cf') in 0.051724 seconds
  Import took 0.148596 seconds .

========================================================================
Received Prepare
Registering precompiled user dll's ...
Registered in 0.006751 seconds.
Begin MonoManager ReloadAssembly
Native extension for WindowsStandalone target not found
Native extension for WebGL target not found
Refreshing native plugins compatible for Editor in 0.46 ms, found 0 plugins.
Preloading 0 native plugins for Editor in 0.00 ms.
Invoked RoslynAnalysisRunner static constructor.
RoslynAnalysisRunner will not be running.
RoslynAnalysisRunner has terminated.
Mono: successfully reloaded assembly
- Completed reload, in  2.033 seconds
Platform modules already initialized, skipping
Shader 'Universal Render Pipeline/Particles/Lit': fallback shader 'Universal Render Pipeline/Particles/SimpleLit' not found
Shader 'Universal Render Pipeline/Particles/Lit': fallback shader 'Universal Render Pipeline/Particles/SimpleLit' not found
Refreshing native plugins compatible for Editor in 0.49 ms, found 0 plugins.
Preloading 0 native plugins for Editor in 0.00 ms.
Unloading 2567 Unused Serialized files (Serialized files now loaded: 0)
System memory in use before: 123.1 MB.
System memory in use after: 120.8 MB.

Unloading 46 unused Assets to reduce memory usage. Loaded Objects now: 3196.
Total: 5.833700 ms (FindLiveObjects: 0.447400 ms CreateObjectMapping: 0.243900 ms MarkObjects: 3.128300 ms  DeleteObjects: 2.012200 ms)

========================================================================
Received Prepare
Registering precompiled user dll's ...
Registered in 0.006542 seconds.
Begin MonoManager ReloadAssembly
Native extension for WindowsStandalone target not found
Native extension for WebGL target not found
Refreshing native plugins compatible for Editor in 0.92 ms, found 0 plugins.
Preloading 0 native plugins for Editor in 0.00 ms.
Invoked RoslynAnalysisRunner static constructor.
RoslynAnalysisRunner will not be running.
RoslynAnalysisRunner has terminated.
Mono: successfully reloaded assembly
- Completed reload, in  1.219 seconds
Platform modules already initialized, skipping
Shader 'Universal Render Pipeline/Particles/Lit': fallback shader 'Universal Render Pipeline/Particles/SimpleLit' not found
Shader 'Universal Render Pipeline/Particles/Lit': fallback shader 'Universal Render Pipeline/Particles/SimpleLit' not found
Refreshing native plugins compatible for Editor in 0.45 ms, found 0 plugins.
Preloading 0 native plugins for Editor in 0.00 ms.
Unloading 2567 Unused Serialized files (Serialized files now loaded: 0)
System memory in use before: 123.1 MB.
System memory in use after: 120.8 MB.

Unloading 46 unused Assets to reduce memory usage. Loaded Objects now: 3200.
Total: 4.359800 ms (FindLiveObjects: 0.452900 ms CreateObjectMapping: 0.173500 ms MarkObjects: 2.317400 ms  DeleteObjects: 1.414200 ms)

========================================================================
Received Prepare
Registering precompiled user dll's ...
Registered in 0.004711 seconds.
Begin MonoManager ReloadAssembly
Native extension for WindowsStandalone target not found
Native extension for WebGL target not found
Refreshing native plugins compatible for Editor in 0.45 ms, found 0 plugins.
Preloading 0 native plugins for Editor in 0.00 ms.
Invoked RoslynAnalysisRunner static constructor.
RoslynAnalysisRunner will not be running.
RoslynAnalysisRunner has terminated.
Mono: successfully reloaded assembly
- Completed reload, in  1.314 seconds
Platform modules already initialized, skipping
Shader 'Universal Render Pipeline/Particles/Lit': fallback shader 'Universal Render Pipeline/Particles/SimpleLit' not found
Shader 'Universal Render Pipeline/Particles/Lit': fallback shader 'Universal Render Pipeline/Particles/SimpleLit' not found
Refreshing native plugins compatible for Editor in 0.47 ms, found 0 plugins.
Preloading 0 native plugins for Editor in 0.00 ms.
Unloading 2567 Unused Serialized files (Serialized files now loaded: 0)
System memory in use before: 123.1 MB.
System memory in use after: 120.9 MB.

Unloading 46 unused Assets to reduce memory usage. Loaded Objects now: 3204.
Total: 4.009200 ms (FindLiveObjects: 0.282400 ms CreateObjectMapping: 0.133600 ms MarkObjects: 2.163800 ms  DeleteObjects: 1.427900 ms)

========================================================================
Received Prepare
Registering precompiled user dll's ...
Registered in 0.007114 seconds.
Begin MonoManager ReloadAssembly
Native extension for WindowsStandalone target not found
Native extension for WebGL target not found
Refreshing native plugins compatible for Editor in 0.70 ms, found 0 plugins.
Preloading 0 native plugins for Editor in 0.00 ms.
Invoked RoslynAnalysisRunner static constructor.
RoslynAnalysisRunner will not be running.
RoslynAnalysisRunner has terminated.
Mono: successfully reloaded assembly
- Completed reload, in  1.292 seconds
Platform modules already initialized, skipping
Shader 'Universal Render Pipeline/Particles/Lit': fallback shader 'Universal Render Pipeline/Particles/SimpleLit' not found
Shader 'Universal Render Pipeline/Particles/Lit': fallback shader 'Universal Render Pipeline/Particles/SimpleLit' not found
Refreshing native plugins compatible for Editor in 0.49 ms, found 0 plugins.
Preloading 0 native plugins for Editor in 0.00 ms.
Unloading 2567 Unused Serialized files (Serialized files now loaded: 0)
System memory in use before: 123.1 MB.
System memory in use after: 120.9 MB.

Unloading 46 unused Assets to reduce memory usage. Loaded Objects now: 3208.
Total: 6.413300 ms (FindLiveObjects: 0.810100 ms CreateObjectMapping: 0.254300 ms MarkObjects: 3.711900 ms  DeleteObjects: 1.634700 ms)

========================================================================
Received Prepare
Registering precompiled user dll's ...
Registered in 0.004754 seconds.
Begin MonoManager ReloadAssembly
Native extension for WindowsStandalone target not found
Native extension for WebGL target not found
Refreshing native plugins compatible for Editor in 0.47 ms, found 0 plugins.
Preloading 0 native plugins for Editor in 0.00 ms.
Invoked RoslynAnalysisRunner static constructor.
RoslynAnalysisRunner will not be running.
RoslynAnalysisRunner has terminated.
Mono: successfully reloaded assembly
- Completed reload, in  2.333 seconds
Platform modules already initialized, skipping
Shader 'Universal Render Pipeline/Particles/Lit': fallback shader 'Universal Render Pipeline/Particles/SimpleLit' not found
Shader 'Universal Render Pipeline/Particles/Lit': fallback shader 'Universal Render Pipeline/Particles/SimpleLit' not found
Refreshing native plugins compatible for Editor in 1.18 ms, found 0 plugins.
Preloading 0 native plugins for Editor in 0.00 ms.
Unloading 2567 Unused Serialized files (Serialized files now loaded: 0)
System memory in use before: 123.1 MB.
System memory in use after: 120.9 MB.

Unloading 46 unused Assets to reduce memory usage. Loaded Objects now: 3212.
Total: 7.218700 ms (FindLiveObjects: 0.503200 ms CreateObjectMapping: 0.216500 ms MarkObjects: 4.167100 ms  DeleteObjects: 2.330000 ms)

========================================================================
Received Prepare
Registering precompiled user dll's ...
Registered in 0.005758 seconds.
Begin MonoManager ReloadAssembly
Native extension for WindowsStandalone target not found
Native extension for WebGL target not found
Refreshing native plugins compatible for Editor in 7.50 ms, found 0 plugins.
Preloading 0 native plugins for Editor in 0.00 ms.
Invoked RoslynAnalysisRunner static constructor.
RoslynAnalysisRunner will not be running.
RoslynAnalysisRunner has terminated.
Mono: successfully reloaded assembly
- Completed reload, in  1.556 seconds
Platform modules already initialized, skipping
Shader 'Universal Render Pipeline/Particles/Lit': fallback shader 'Universal Render Pipeline/Particles/SimpleLit' not found
Shader 'Universal Render Pipeline/Particles/Lit': fallback shader 'Universal Render Pipeline/Particles/SimpleLit' not found
Refreshing native plugins compatible for Editor in 0.45 ms, found 0 plugins.
Preloading 0 native plugins for Editor in 0.00 ms.
Unloading 2567 Unused Serialized files (Serialized files now loaded: 0)
System memory in use before: 123.1 MB.
System memory in use after: 120.9 MB.

Unloading 46 unused Assets to reduce memory usage. Loaded Objects now: 3216.
Total: 5.144300 ms (FindLiveObjects: 0.570200 ms CreateObjectMapping: 0.337300 ms MarkObjects: 2.771000 ms  DeleteObjects: 1.463900 ms)

========================================================================
Received Prepare
Registering precompiled user dll's ...
Registered in 0.007216 seconds.
Begin MonoManager ReloadAssembly
Native extension for WindowsStandalone target not found
Native extension for WebGL target not found
Refreshing native plugins compatible for Editor in 0.45 ms, found 0 plugins.
Preloading 0 native plugins for Editor in 0.00 ms.
Invoked RoslynAnalysisRunner static constructor.
RoslynAnalysisRunner will not be running.
RoslynAnalysisRunner has terminated.
Mono: successfully reloaded assembly
- Completed reload, in  1.255 seconds
Platform modules already initialized, skipping
Shader 'Universal Render Pipeline/Particles/Lit': fallback shader 'Universal Render Pipeline/Particles/SimpleLit' not found
Shader 'Universal Render Pipeline/Particles/Lit': fallback shader 'Universal Render Pipeline/Particles/SimpleLit' not found
Refreshing native plugins compatible for Editor in 0.45 ms, found 0 plugins.
Preloading 0 native plugins for Editor in 0.00 ms.
Unloading 2567 Unused Serialized files (Serialized files now loaded: 0)
System memory in use before: 123.1 MB.
System memory in use after: 120.9 MB.

Unloading 46 unused Assets to reduce memory usage. Loaded Objects now: 3220.
Total: 5.016700 ms (FindLiveObjects: 0.637800 ms CreateObjectMapping: 0.170700 ms MarkObjects: 2.705800 ms  DeleteObjects: 1.500500 ms)

========================================================================
Received Prepare
Shader 'Universal Render Pipeline/Particles/Lit': fallback shader 'Universal Render Pipeline/Particles/SimpleLit' not found
Shader 'Universal Render Pipeline/Particles/Lit': fallback shader 'Universal Render Pipeline/Particles/SimpleLit' not found
Refreshing native plugins compatible for Editor in 2.80 ms, found 0 plugins.
Preloading 0 native plugins for Editor in 0.00 ms.
Unloading 44 Unused Serialized files (Serialized files now loaded: 0)
System memory in use before: 73.4 MB.
System memory in use after: 71.2 MB.

Unloading 44 unused Assets to reduce memory usage. Loaded Objects now: 3220.
Total: 3.995600 ms (FindLiveObjects: 0.403300 ms CreateObjectMapping: 0.135900 ms MarkObjects: 1.986000 ms  DeleteObjects: 1.468400 ms)

========================================================================
Received Prepare
Registering precompiled user dll's ...
Registered in 0.011820 seconds.
Begin MonoManager ReloadAssembly
Native extension for WindowsStandalone target not found
Native extension for WebGL target not found
Refreshing native plugins compatible for Editor in 0.48 ms, found 0 plugins.
Preloading 0 native plugins for Editor in 0.00 ms.
Invoked RoslynAnalysisRunner static constructor.
RoslynAnalysisRunner will not be running.
RoslynAnalysisRunner has terminated.
Mono: successfully reloaded assembly
- Completed reload, in  2.774 seconds
Platform modules already initialized, skipping
Shader 'Universal Render Pipeline/Particles/Lit': fallback shader 'Universal Render Pipeline/Particles/SimpleLit' not found
Shader 'Universal Render Pipeline/Particles/Lit': fallback shader 'Universal Render Pipeline/Particles/SimpleLit' not found
Refreshing native plugins compatible for Editor in 0.99 ms, found 0 plugins.
Preloading 0 native plugins for Editor in 0.00 ms.
Unloading 2567 Unused Serialized files (Serialized files now loaded: 0)
System memory in use before: 123.1 MB.
System memory in use after: 120.9 MB.

Unloading 46 unused Assets to reduce memory usage. Loaded Objects now: 3224.
Total: 5.901600 ms (FindLiveObjects: 0.532000 ms CreateObjectMapping: 0.246300 ms MarkObjects: 2.540800 ms  DeleteObjects: 2.580400 ms)

========================================================================
Received Import Request.
  Time since last request: 442.449239 seconds.
  path: Assets/Resources/Prefabs/Player.prefab
  artifactKey: Guid(24d9a9b7d14f6414b96ae4b684cd9623) Importer(815301076,1909f56bfc062723c751e8b465ee728b)
Start importing Assets/Resources/Prefabs/Player.prefab using Guid(24d9a9b7d14f6414b96ae4b684cd9623) Importer(815301076,1909f56bfc062723c751e8b465ee728b)  -> (artifact id: '9a917cbcdf9ab5f4d0ca711dbbcadd75') in 0.254649 seconds
  Import took 0.296741 seconds .

========================================================================
Received Import Request.
  Time since last request: 3.110869 seconds.
  path: Assets/Resources/Prefabs/Player.prefab
  artifactKey: Guid(24d9a9b7d14f6414b96ae4b684cd9623) Importer(815301076,1909f56bfc062723c751e8b465ee728b)
Start importing Assets/Resources/Prefabs/Player.prefab using Guid(24d9a9b7d14f6414b96ae4b684cd9623) Importer(815301076,1909f56bfc062723c751e8b465ee728b)  -> (artifact id: 'b280352f634834768ac9f0f90dcdb113') in 0.026709 seconds
  Import took 0.064312 seconds .

========================================================================
Received Import Request.
  Time since last request: 1.128879 seconds.
  path: Assets/Resources/Prefabs/Player.prefab
  artifactKey: Guid(24d9a9b7d14f6414b96ae4b684cd9623) Importer(815301076,1909f56bfc062723c751e8b465ee728b)
Start importing Assets/Resources/Prefabs/Player.prefab using Guid(24d9a9b7d14f6414b96ae4b684cd9623) Importer(815301076,1909f56bfc062723c751e8b465ee728b)  -> (artifact id: 'e4e5101dd766d18755eb80bb9f2e521f') in 0.023341 seconds
  Import took 0.058309 seconds .

========================================================================
Received Prepare
Registering precompiled user dll's ...
Registered in 0.031602 seconds.
Begin MonoManager ReloadAssembly
Native extension for WindowsStandalone target not found
Native extension for WebGL target not found
Refreshing native plugins compatible for Editor in 0.45 ms, found 0 plugins.
Preloading 0 native plugins for Editor in 0.00 ms.
Invoked RoslynAnalysisRunner static constructor.
RoslynAnalysisRunner will not be running.
RoslynAnalysisRunner has terminated.
Mono: successfully reloaded assembly
- Completed reload, in  1.153 seconds
Platform modules already initialized, skipping
Shader 'Universal Render Pipeline/Particles/Lit': fallback shader 'Universal Render Pipeline/Particles/SimpleLit' not found
Shader 'Universal Render Pipeline/Particles/Lit': fallback shader 'Universal Render Pipeline/Particles/SimpleLit' not found
Refreshing native plugins compatible for Editor in 0.47 ms, found 0 plugins.
Preloading 0 native plugins for Editor in 0.00 ms.
Unloading 2567 Unused Serialized files (Serialized files now loaded: 0)
System memory in use before: 123.3 MB.
System memory in use after: 121.1 MB.

Unloading 46 unused Assets to reduce memory usage. Loaded Objects now: 3264.
Total: 5.294500 ms (FindLiveObjects: 0.473700 ms CreateObjectMapping: 0.188800 ms MarkObjects: 3.170500 ms  DeleteObjects: 1.459300 ms)

========================================================================
Received Prepare
Registering precompiled user dll's ...
Registered in 0.005373 seconds.
Begin MonoManager ReloadAssembly
Native extension for WindowsStandalone target not found
Native extension for WebGL target not found
Refreshing native plugins compatible for Editor in 0.58 ms, found 0 plugins.
Preloading 0 native plugins for Editor in 0.00 ms.
Invoked RoslynAnalysisRunner static constructor.
RoslynAnalysisRunner will not be running.
RoslynAnalysisRunner has terminated.
Mono: successfully reloaded assembly
- Completed reload, in  1.346 seconds
Platform modules already initialized, skipping
Shader 'Universal Render Pipeline/Particles/Lit': fallback shader 'Universal Render Pipeline/Particles/SimpleLit' not found
Shader 'Universal Render Pipeline/Particles/Lit': fallback shader 'Universal Render Pipeline/Particles/SimpleLit' not found
Refreshing native plugins compatible for Editor in 0.54 ms, found 0 plugins.
Preloading 0 native plugins for Editor in 0.00 ms.
Unloading 2567 Unused Serialized files (Serialized files now loaded: 0)
System memory in use before: 123.3 MB.
System memory in use after: 121.1 MB.

Unloading 46 unused Assets to reduce memory usage. Loaded Objects now: 3268.
Total: 3.810300 ms (FindLiveObjects: 0.349000 ms CreateObjectMapping: 0.165200 ms MarkObjects: 1.818100 ms  DeleteObjects: 1.476300 ms)

========================================================================
Received Prepare
Registering precompiled user dll's ...
Registered in 0.006742 seconds.
Begin MonoManager ReloadAssembly
Native extension for WindowsStandalone target not found
Native extension for WebGL target not found
Refreshing native plugins compatible for Editor in 0.58 ms, found 0 plugins.
Preloading 0 native plugins for Editor in 0.00 ms.
Invoked RoslynAnalysisRunner static constructor.
RoslynAnalysisRunner will not be running.
RoslynAnalysisRunner has terminated.
Mono: successfully reloaded assembly
- Completed reload, in  1.115 seconds
Platform modules already initialized, skipping
Shader 'Universal Render Pipeline/Particles/Lit': fallback shader 'Universal Render Pipeline/Particles/SimpleLit' not found
Shader 'Universal Render Pipeline/Particles/Lit': fallback shader 'Universal Render Pipeline/Particles/SimpleLit' not found
Refreshing native plugins compatible for Editor in 0.53 ms, found 0 plugins.
Preloading 0 native plugins for Editor in 0.00 ms.
Unloading 2567 Unused Serialized files (Serialized files now loaded: 0)
System memory in use before: 123.3 MB.
System memory in use after: 121.1 MB.

Unloading 46 unused Assets to reduce memory usage. Loaded Objects now: 3272.
Total: 6.749600 ms (FindLiveObjects: 0.734400 ms CreateObjectMapping: 0.275100 ms MarkObjects: 3.431400 ms  DeleteObjects: 2.306200 ms)

========================================================================
Received Import Request.
  Time since last request: 3708.682946 seconds.
  path: Assets/Resources/Prefabs/Player.prefab
  artifactKey: Guid(24d9a9b7d14f6414b96ae4b684cd9623) Importer(815301076,1909f56bfc062723c751e8b465ee728b)
Start importing Assets/Resources/Prefabs/Player.prefab using Guid(24d9a9b7d14f6414b96ae4b684cd9623) Importer(815301076,1909f56bfc062723c751e8b465ee728b)  -> (artifact id: 'e261dc82f817f2b86a84c78f90d2ab61') in 0.256356 seconds
  Import took 0.280648 seconds .

========================================================================
Received Prepare
Registering precompiled user dll's ...
Registered in 0.012988 seconds.
Begin MonoManager ReloadAssembly
Native extension for WindowsStandalone target not found
Native extension for WebGL target not found
Refreshing native plugins compatible for Editor in 0.68 ms, found 0 plugins.
Preloading 0 native plugins for Editor in 0.00 ms.
Invoked RoslynAnalysisRunner static constructor.
RoslynAnalysisRunner will not be running.
RoslynAnalysisRunner has terminated.
Mono: successfully reloaded assembly
- Completed reload, in  1.150 seconds
Platform modules already initialized, skipping
Shader 'Universal Render Pipeline/Particles/Lit': fallback shader 'Universal Render Pipeline/Particles/SimpleLit' not found
Shader 'Universal Render Pipeline/Particles/Lit': fallback shader 'Universal Render Pipeline/Particles/SimpleLit' not found
Refreshing native plugins compatible for Editor in 0.71 ms, found 0 plugins.
Preloading 0 native plugins for Editor in 0.00 ms.
Unloading 2567 Unused Serialized files (Serialized files now loaded: 0)
System memory in use before: 123.4 MB.
System memory in use after: 121.2 MB.

Unloading 46 unused Assets to reduce memory usage. Loaded Objects now: 3312.
Total: 5.801500 ms (FindLiveObjects: 0.610300 ms CreateObjectMapping: 0.232300 ms MarkObjects: 3.339700 ms  DeleteObjects: 1.617500 ms)

========================================================================
Received Import Request.
  Time since last request: 1500.097659 seconds.
  path: Assets/Scenes/diving_squid/DS_GameScene.unity
  artifactKey: Guid(ab4ac444f72e69c4891600f274b52ad1) Importer(815301076,1909f56bfc062723c751e8b465ee728b)
Start importing Assets/Scenes/diving_squid/DS_GameScene.unity using Guid(ab4ac444f72e69c4891600f274b52ad1) Importer(815301076,1909f56bfc062723c751e8b465ee728b)  -> (artifact id: '5227be7b97114081c38f7a2076e2a577') in 0.011790 seconds
  Import took 0.031981 seconds .

========================================================================
Received Prepare
Registering precompiled user dll's ...
Registered in 0.006323 seconds.
Begin MonoManager ReloadAssembly
Native extension for WindowsStandalone target not found
Native extension for WebGL target not found
Refreshing native plugins compatible for Editor in 0.63 ms, found 0 plugins.
Preloading 0 native plugins for Editor in 0.00 ms.
Invoked RoslynAnalysisRunner static constructor.
RoslynAnalysisRunner will not be running.
RoslynAnalysisRunner has terminated.
Mono: successfully reloaded assembly
- Completed reload, in  1.947 seconds
Platform modules already initialized, skipping
Shader 'Universal Render Pipeline/Particles/Lit': fallback shader 'Universal Render Pipeline/Particles/SimpleLit' not found
Shader 'Universal Render Pipeline/Particles/Lit': fallback shader 'Universal Render Pipeline/Particles/SimpleLit' not found
Refreshing native plugins compatible for Editor in 0.45 ms, found 0 plugins.
Preloading 0 native plugins for Editor in 0.00 ms.
Unloading 2567 Unused Serialized files (Serialized files now loaded: 0)
System memory in use before: 123.4 MB.
System memory in use after: 121.2 MB.

Unloading 46 unused Assets to reduce memory usage. Loaded Objects now: 3316.
Total: 7.562000 ms (FindLiveObjects: 0.930500 ms CreateObjectMapping: 0.216100 ms MarkObjects: 4.381800 ms  DeleteObjects: 2.031200 ms)

========================================================================
Received Prepare
Registering precompiled user dll's ...
Registered in 0.007130 seconds.
Begin MonoManager ReloadAssembly
Native extension for WindowsStandalone target not found
Native extension for WebGL target not found
Refreshing native plugins compatible for Editor in 0.45 ms, found 0 plugins.
Preloading 0 native plugins for Editor in 0.00 ms.
Invoked RoslynAnalysisRunner static constructor.
RoslynAnalysisRunner will not be running.
RoslynAnalysisRunner has terminated.
Mono: successfully reloaded assembly
- Completed reload, in  1.175 seconds
Platform modules already initialized, skipping
Shader 'Universal Render Pipeline/Particles/Lit': fallback shader 'Universal Render Pipeline/Particles/SimpleLit' not found
Shader 'Universal Render Pipeline/Particles/Lit': fallback shader 'Universal Render Pipeline/Particles/SimpleLit' not found
Refreshing native plugins compatible for Editor in 0.45 ms, found 0 plugins.
Preloading 0 native plugins for Editor in 0.00 ms.
Unloading 2567 Unused Serialized files (Serialized files now loaded: 0)
System memory in use before: 123.5 MB.
System memory in use after: 121.2 MB.

Unloading 46 unused Assets to reduce memory usage. Loaded Objects now: 3320.
Total: 5.106500 ms (FindLiveObjects: 0.333500 ms CreateObjectMapping: 0.195600 ms MarkObjects: 2.787400 ms  DeleteObjects: 1.787900 ms)

========================================================================
Received Import Request.
  Time since last request: 1838.888153 seconds.
  path: Assets/Scenes/diving_squid/DS_GameScene.unity
  artifactKey: Guid(ab4ac444f72e69c4891600f274b52ad1) Importer(815301076,1909f56bfc062723c751e8b465ee728b)
Start importing Assets/Scenes/diving_squid/DS_GameScene.unity using Guid(ab4ac444f72e69c4891600f274b52ad1) Importer(815301076,1909f56bfc062723c751e8b465ee728b)  -> (artifact id: '1bbb0c67e7281e73934839908f4bceb0') in 0.017296 seconds
  Import took 0.036661 seconds .

========================================================================
Received Prepare
Registering precompiled user dll's ...
Registered in 0.004251 seconds.
Begin MonoManager ReloadAssembly
Native extension for WindowsStandalone target not found
Native extension for WebGL target not found
Refreshing native plugins compatible for Editor in 0.51 ms, found 0 plugins.
Preloading 0 native plugins for Editor in 0.00 ms.
Invoked RoslynAnalysisRunner static constructor.
RoslynAnalysisRunner will not be running.
RoslynAnalysisRunner has terminated.
Mono: successfully reloaded assembly
- Completed reload, in  1.246 seconds
Platform modules already initialized, skipping
Shader 'Universal Render Pipeline/Particles/Lit': fallback shader 'Universal Render Pipeline/Particles/SimpleLit' not found
Shader 'Universal Render Pipeline/Particles/Lit': fallback shader 'Universal Render Pipeline/Particles/SimpleLit' not found
Refreshing native plugins compatible for Editor in 0.47 ms, found 0 plugins.
Preloading 0 native plugins for Editor in 0.00 ms.
Unloading 2567 Unused Serialized files (Serialized files now loaded: 0)
System memory in use before: 123.5 MB.
System memory in use after: 121.2 MB.

Unloading 46 unused Assets to reduce memory usage. Loaded Objects now: 3324.
Total: 4.181900 ms (FindLiveObjects: 0.308200 ms CreateObjectMapping: 0.142600 ms MarkObjects: 1.986800 ms  DeleteObjects: 1.742800 ms)

========================================================================
Received Import Request.
  Time since last request: 53.583938 seconds.
  path: Assets/Scenes/diving_squid/DS_GameScene.unity
  artifactKey: Guid(ab4ac444f72e69c4891600f274b52ad1) Importer(815301076,1909f56bfc062723c751e8b465ee728b)
Start importing Assets/Scenes/diving_squid/DS_GameScene.unity using Guid(ab4ac444f72e69c4891600f274b52ad1) Importer(815301076,1909f56bfc062723c751e8b465ee728b)  -> (artifact id: '6ccd429561124297a8e8525c679dbb05') in 0.019178 seconds
  Import took 0.040169 seconds .

========================================================================
Received Prepare
Registering precompiled user dll's ...
Registered in 0.005536 seconds.
Begin MonoManager ReloadAssembly
Native extension for WindowsStandalone target not found
Native extension for WebGL target not found
Refreshing native plugins compatible for Editor in 0.46 ms, found 0 plugins.
Preloading 0 native plugins for Editor in 0.00 ms.
Invoked RoslynAnalysisRunner static constructor.
RoslynAnalysisRunner will not be running.
RoslynAnalysisRunner has terminated.
Mono: successfully reloaded assembly
- Completed reload, in  1.248 seconds
Platform modules already initialized, skipping
Shader 'Universal Render Pipeline/Particles/Lit': fallback shader 'Universal Render Pipeline/Particles/SimpleLit' not found
Shader 'Universal Render Pipeline/Particles/Lit': fallback shader 'Universal Render Pipeline/Particles/SimpleLit' not found
Refreshing native plugins compatible for Editor in 0.49 ms, found 0 plugins.
Preloading 0 native plugins for Editor in 0.00 ms.
Unloading 2567 Unused Serialized files (Serialized files now loaded: 0)
System memory in use before: 123.5 MB.
System memory in use after: 121.2 MB.

Unloading 46 unused Assets to reduce memory usage. Loaded Objects now: 3328.
Total: 7.381300 ms (FindLiveObjects: 0.524400 ms CreateObjectMapping: 0.474300 ms MarkObjects: 4.176400 ms  DeleteObjects: 2.204100 ms)

========================================================================
Received Prepare
Registering precompiled user dll's ...
Registered in 0.005384 seconds.
Begin MonoManager ReloadAssembly
Native extension for WindowsStandalone target not found
Native extension for WebGL target not found
Refreshing native plugins compatible for Editor in 0.79 ms, found 0 plugins.
Preloading 0 native plugins for Editor in 0.00 ms.
Invoked RoslynAnalysisRunner static constructor.
RoslynAnalysisRunner will not be running.
RoslynAnalysisRunner has terminated.
Mono: successfully reloaded assembly
- Completed reload, in  1.778 seconds
Platform modules already initialized, skipping
Shader 'Universal Render Pipeline/Particles/Lit': fallback shader 'Universal Render Pipeline/Particles/SimpleLit' not found
Shader 'Universal Render Pipeline/Particles/Lit': fallback shader 'Universal Render Pipeline/Particles/SimpleLit' not found
Refreshing native plugins compatible for Editor in 0.47 ms, found 0 plugins.
Preloading 0 native plugins for Editor in 0.00 ms.
Unloading 2567 Unused Serialized files (Serialized files now loaded: 0)
System memory in use before: 123.5 MB.
System memory in use after: 121.3 MB.

Unloading 46 unused Assets to reduce memory usage. Loaded Objects now: 3332.
Total: 5.445300 ms (FindLiveObjects: 0.494200 ms CreateObjectMapping: 0.251800 ms MarkObjects: 2.797900 ms  DeleteObjects: 1.899000 ms)

========================================================================
Received Prepare
Registering precompiled user dll's ...
Registered in 0.004599 seconds.
Begin MonoManager ReloadAssembly
Native extension for WindowsStandalone target not found
Native extension for WebGL target not found
Refreshing native plugins compatible for Editor in 0.54 ms, found 0 plugins.
Preloading 0 native plugins for Editor in 0.00 ms.
Invoked RoslynAnalysisRunner static constructor.
RoslynAnalysisRunner will not be running.
RoslynAnalysisRunner has terminated.
Mono: successfully reloaded assembly
- Completed reload, in  1.199 seconds
Platform modules already initialized, skipping
Shader 'Universal Render Pipeline/Particles/Lit': fallback shader 'Universal Render Pipeline/Particles/SimpleLit' not found
Shader 'Universal Render Pipeline/Particles/Lit': fallback shader 'Universal Render Pipeline/Particles/SimpleLit' not found
Refreshing native plugins compatible for Editor in 0.52 ms, found 0 plugins.
Preloading 0 native plugins for Editor in 0.00 ms.
Unloading 2567 Unused Serialized files (Serialized files now loaded: 0)
System memory in use before: 123.5 MB.
System memory in use after: 121.3 MB.

Unloading 46 unused Assets to reduce memory usage. Loaded Objects now: 3336.
Total: 4.110500 ms (FindLiveObjects: 0.314900 ms CreateObjectMapping: 0.149700 ms MarkObjects: 2.157700 ms  DeleteObjects: 1.486400 ms)

========================================================================
Received Prepare
Registering precompiled user dll's ...
Registered in 0.005714 seconds.
Begin MonoManager ReloadAssembly
Native extension for WindowsStandalone target not found
Native extension for WebGL target not found
Refreshing native plugins compatible for Editor in 1.42 ms, found 0 plugins.
Preloading 0 native plugins for Editor in 0.00 ms.
Invoked RoslynAnalysisRunner static constructor.
RoslynAnalysisRunner will not be running.
RoslynAnalysisRunner has terminated.
Mono: successfully reloaded assembly
- Completed reload, in  2.558 seconds
Platform modules already initialized, skipping
Shader 'Universal Render Pipeline/Particles/Lit': fallback shader 'Universal Render Pipeline/Particles/SimpleLit' not found
Shader 'Universal Render Pipeline/Particles/Lit': fallback shader 'Universal Render Pipeline/Particles/SimpleLit' not found
Refreshing native plugins compatible for Editor in 1.20 ms, found 0 plugins.
Preloading 0 native plugins for Editor in 0.00 ms.
Unloading 2567 Unused Serialized files (Serialized files now loaded: 0)
System memory in use before: 123.5 MB.
System memory in use after: 121.3 MB.

Unloading 46 unused Assets to reduce memory usage. Loaded Objects now: 3340.
Total: 5.214900 ms (FindLiveObjects: 0.433200 ms CreateObjectMapping: 0.181100 ms MarkObjects: 3.070500 ms  DeleteObjects: 1.527800 ms)

========================================================================
Received Import Request.
  Time since last request: 1791.989660 seconds.
  path: Assets/Resources/Prefabs/RoomInfoText.prefab
  artifactKey: Guid(2572c700a4b0d06449f6945234bf42f0) Importer(815301076,1909f56bfc062723c751e8b465ee728b)
Start importing Assets/Resources/Prefabs/RoomInfoText.prefab using Guid(2572c700a4b0d06449f6945234bf42f0) Importer(815301076,1909f56bfc062723c751e8b465ee728b)  -> (artifact id: '161f8fe0a80495e9fd9e7698ffd60c4c') in 0.290822 seconds
  Import took 0.493413 seconds .

========================================================================
Received Prepare
Registering precompiled user dll's ...
Registered in 0.004901 seconds.
Begin MonoManager ReloadAssembly
Native extension for WindowsStandalone target not found
Native extension for WebGL target not found
Refreshing native plugins compatible for Editor in 0.51 ms, found 0 plugins.
Preloading 0 native plugins for Editor in 0.00 ms.
Invoked RoslynAnalysisRunner static constructor.
RoslynAnalysisRunner will not be running.
RoslynAnalysisRunner has terminated.
Mono: successfully reloaded assembly
- Completed reload, in  1.336 seconds
Platform modules already initialized, skipping
Shader 'Universal Render Pipeline/Particles/Lit': fallback shader 'Universal Render Pipeline/Particles/SimpleLit' not found
Shader 'Universal Render Pipeline/Particles/Lit': fallback shader 'Universal Render Pipeline/Particles/SimpleLit' not found
Refreshing native plugins compatible for Editor in 0.52 ms, found 0 plugins.
Preloading 0 native plugins for Editor in 0.00 ms.
Unloading 2567 Unused Serialized files (Serialized files now loaded: 0)
System memory in use before: 123.5 MB.
System memory in use after: 121.3 MB.

Unloading 46 unused Assets to reduce memory usage. Loaded Objects now: 3344.
Total: 5.351000 ms (FindLiveObjects: 0.804900 ms CreateObjectMapping: 0.267100 ms MarkObjects: 2.492600 ms  DeleteObjects: 1.782500 ms)

========================================================================
Received Prepare
Registering precompiled user dll's ...
Registered in 0.004547 seconds.
Begin MonoManager ReloadAssembly
Native extension for WindowsStandalone target not found
Native extension for WebGL target not found
Refreshing native plugins compatible for Editor in 1.66 ms, found 0 plugins.
Preloading 0 native plugins for Editor in 0.00 ms.
Invoked RoslynAnalysisRunner static constructor.
RoslynAnalysisRunner will not be running.
RoslynAnalysisRunner has terminated.
Mono: successfully reloaded assembly
- Completed reload, in  1.218 seconds
Platform modules already initialized, skipping
Shader 'Universal Render Pipeline/Particles/Lit': fallback shader 'Universal Render Pipeline/Particles/SimpleLit' not found
Shader 'Universal Render Pipeline/Particles/Lit': fallback shader 'Universal Render Pipeline/Particles/SimpleLit' not found
Refreshing native plugins compatible for Editor in 0.46 ms, found 0 plugins.
Preloading 0 native plugins for Editor in 0.00 ms.
Unloading 2567 Unused Serialized files (Serialized files now loaded: 0)
System memory in use before: 123.5 MB.
System memory in use after: 121.3 MB.

Unloading 46 unused Assets to reduce memory usage. Loaded Objects now: 3348.
Total: 5.273700 ms (FindLiveObjects: 0.858600 ms CreateObjectMapping: 0.297700 ms MarkObjects: 2.343800 ms  DeleteObjects: 1.770000 ms)

========================================================================
Received Import Request.
  Time since last request: 129.917054 seconds.
  path: Assets/Resources/Prefabs/RoomFeedItem.prefab
  artifactKey: Guid(2572c700a4b0d06449f6945234bf42f0) Importer(815301076,1909f56bfc062723c751e8b465ee728b)
Start importing Assets/Resources/Prefabs/RoomFeedItem.prefab using Guid(2572c700a4b0d06449f6945234bf42f0) Importer(815301076,1909f56bfc062723c751e8b465ee728b)  -> (artifact id: 'b7c23f18c1286a8eb68c7a0947c900bd') in 0.086474 seconds
  Import took 0.106184 seconds .

========================================================================
Received Prepare
Registering precompiled user dll's ...
Registered in 0.004835 seconds.
Begin MonoManager ReloadAssembly
Native extension for WindowsStandalone target not found
Native extension for WebGL target not found
Refreshing native plugins compatible for Editor in 0.47 ms, found 0 plugins.
Preloading 0 native plugins for Editor in 0.00 ms.
Invoked RoslynAnalysisRunner static constructor.
RoslynAnalysisRunner will not be running.
RoslynAnalysisRunner has terminated.
Mono: successfully reloaded assembly
- Completed reload, in  1.238 seconds
Platform modules already initialized, skipping
Shader 'Universal Render Pipeline/Particles/Lit': fallback shader 'Universal Render Pipeline/Particles/SimpleLit' not found
Shader 'Universal Render Pipeline/Particles/Lit': fallback shader 'Universal Render Pipeline/Particles/SimpleLit' not found
Refreshing native plugins compatible for Editor in 0.48 ms, found 0 plugins.
Preloading 0 native plugins for Editor in 0.00 ms.
Unloading 2567 Unused Serialized files (Serialized files now loaded: 0)
System memory in use before: 123.5 MB.
System memory in use after: 121.3 MB.

Unloading 46 unused Assets to reduce memory usage. Loaded Objects now: 3352.
Total: 6.357000 ms (FindLiveObjects: 0.532000 ms CreateObjectMapping: 0.281400 ms MarkObjects: 3.970800 ms  DeleteObjects: 1.571000 ms)

========================================================================
Received Prepare
Registering precompiled user dll's ...
Registered in 0.003941 seconds.
Begin MonoManager ReloadAssembly
Native extension for WindowsStandalone target not found
Native extension for WebGL target not found
Refreshing native plugins compatible for Editor in 0.45 ms, found 0 plugins.
Preloading 0 native plugins for Editor in 0.00 ms.
Invoked RoslynAnalysisRunner static constructor.
RoslynAnalysisRunner will not be running.
RoslynAnalysisRunner has terminated.
Mono: successfully reloaded assembly
- Completed reload, in  1.277 seconds
Platform modules already initialized, skipping
Shader 'Universal Render Pipeline/Particles/Lit': fallback shader 'Universal Render Pipeline/Particles/SimpleLit' not found
Shader 'Universal Render Pipeline/Particles/Lit': fallback shader 'Universal Render Pipeline/Particles/SimpleLit' not found
Refreshing native plugins compatible for Editor in 0.45 ms, found 0 plugins.
Preloading 0 native plugins for Editor in 0.00 ms.
Unloading 2567 Unused Serialized files (Serialized files now loaded: 0)
System memory in use before: 123.5 MB.
System memory in use after: 121.3 MB.

Unloading 46 unused Assets to reduce memory usage. Loaded Objects now: 3356.
Total: 4.558900 ms (FindLiveObjects: 0.458500 ms CreateObjectMapping: 0.189900 ms MarkObjects: 2.025200 ms  DeleteObjects: 1.883300 ms)

========================================================================
Received Prepare
Registering precompiled user dll's ...
Registered in 0.004182 seconds.
Begin MonoManager ReloadAssembly
Native extension for WindowsStandalone target not found
Native extension for WebGL target not found
Refreshing native plugins compatible for Editor in 0.54 ms, found 0 plugins.
Preloading 0 native plugins for Editor in 0.00 ms.
Invoked RoslynAnalysisRunner static constructor.
RoslynAnalysisRunner will not be running.
RoslynAnalysisRunner has terminated.
Mono: successfully reloaded assembly
- Completed reload, in  1.133 seconds
Platform modules already initialized, skipping
Shader 'Universal Render Pipeline/Particles/Lit': fallback shader 'Universal Render Pipeline/Particles/SimpleLit' not found
Shader 'Universal Render Pipeline/Particles/Lit': fallback shader 'Universal Render Pipeline/Particles/SimpleLit' not found
Refreshing native plugins compatible for Editor in 0.51 ms, found 0 plugins.
Preloading 0 native plugins for Editor in 0.00 ms.
Unloading 2567 Unused Serialized files (Serialized files now loaded: 0)
System memory in use before: 123.6 MB.
System memory in use after: 121.3 MB.

Unloading 46 unused Assets to reduce memory usage. Loaded Objects now: 3360.
Total: 4.648900 ms (FindLiveObjects: 0.446100 ms CreateObjectMapping: 0.223000 ms MarkObjects: 2.067800 ms  DeleteObjects: 1.909900 ms)

========================================================================
Received Prepare
Registering precompiled user dll's ...
Registered in 0.005942 seconds.
Begin MonoManager ReloadAssembly
Native extension for WindowsStandalone target not found
Native extension for WebGL target not found
Refreshing native plugins compatible for Editor in 0.45 ms, found 0 plugins.
Preloading 0 native plugins for Editor in 0.00 ms.
Invoked RoslynAnalysisRunner static constructor.
RoslynAnalysisRunner will not be running.
RoslynAnalysisRunner has terminated.
Mono: successfully reloaded assembly
- Completed reload, in  1.109 seconds
Platform modules already initialized, skipping
Shader 'Universal Render Pipeline/Particles/Lit': fallback shader 'Universal Render Pipeline/Particles/SimpleLit' not found
Shader 'Universal Render Pipeline/Particles/Lit': fallback shader 'Universal Render Pipeline/Particles/SimpleLit' not found
Refreshing native plugins compatible for Editor in 0.54 ms, found 0 plugins.
Preloading 0 native plugins for Editor in 0.00 ms.
Unloading 2567 Unused Serialized files (Serialized files now loaded: 0)
System memory in use before: 123.6 MB.
System memory in use after: 121.3 MB.

Unloading 46 unused Assets to reduce memory usage. Loaded Objects now: 3364.
Total: 4.409200 ms (FindLiveObjects: 0.384100 ms CreateObjectMapping: 0.149100 ms MarkObjects: 2.084000 ms  DeleteObjects: 1.790200 ms)

========================================================================
Received Prepare
Registering precompiled user dll's ...
Registered in 0.004234 seconds.
Begin MonoManager ReloadAssembly
Native extension for WindowsStandalone target not found
Native extension for WebGL target not found
Refreshing native plugins compatible for Editor in 0.53 ms, found 0 plugins.
Preloading 0 native plugins for Editor in 0.00 ms.
Invoked RoslynAnalysisRunner static constructor.
RoslynAnalysisRunner will not be running.
RoslynAnalysisRunner has terminated.
Mono: successfully reloaded assembly
- Completed reload, in  1.410 seconds
Platform modules already initialized, skipping
Shader 'Universal Render Pipeline/Particles/Lit': fallback shader 'Universal Render Pipeline/Particles/SimpleLit' not found
Shader 'Universal Render Pipeline/Particles/Lit': fallback shader 'Universal Render Pipeline/Particles/SimpleLit' not found
Refreshing native plugins compatible for Editor in 0.45 ms, found 0 plugins.
Preloading 0 native plugins for Editor in 0.00 ms.
Unloading 2567 Unused Serialized files (Serialized files now loaded: 0)
System memory in use before: 123.6 MB.
System memory in use after: 121.4 MB.

Unloading 46 unused Assets to reduce memory usage. Loaded Objects now: 3368.
Total: 4.180000 ms (FindLiveObjects: 0.319000 ms CreateObjectMapping: 0.151400 ms MarkObjects: 2.261900 ms  DeleteObjects: 1.446500 ms)

========================================================================
Received Prepare
Registering precompiled user dll's ...
Registered in 0.005597 seconds.
Begin MonoManager ReloadAssembly
Native extension for WindowsStandalone target not found
Native extension for WebGL target not found
Refreshing native plugins compatible for Editor in 0.45 ms, found 0 plugins.
Preloading 0 native plugins for Editor in 0.00 ms.
Invoked RoslynAnalysisRunner static constructor.
RoslynAnalysisRunner will not be running.
RoslynAnalysisRunner has terminated.
Mono: successfully reloaded assembly
- Completed reload, in  1.089 seconds
Platform modules already initialized, skipping
Shader 'Universal Render Pipeline/Particles/Lit': fallback shader 'Universal Render Pipeline/Particles/SimpleLit' not found
Shader 'Universal Render Pipeline/Particles/Lit': fallback shader 'Universal Render Pipeline/Particles/SimpleLit' not found
Refreshing native plugins compatible for Editor in 0.48 ms, found 0 plugins.
Preloading 0 native plugins for Editor in 0.00 ms.
Unloading 2567 Unused Serialized files (Serialized files now loaded: 0)
System memory in use before: 123.6 MB.
System memory in use after: 121.3 MB.

Unloading 46 unused Assets to reduce memory usage. Loaded Objects now: 3372.
Total: 4.110600 ms (FindLiveObjects: 0.331400 ms CreateObjectMapping: 0.222600 ms MarkObjects: 2.118800 ms  DeleteObjects: 1.435900 ms)

========================================================================
Received Prepare
Registering precompiled user dll's ...
Registered in 0.005471 seconds.
Begin MonoManager ReloadAssembly
Native extension for WindowsStandalone target not found
Native extension for WebGL target not found
Refreshing native plugins compatible for Editor in 0.45 ms, found 0 plugins.
Preloading 0 native plugins for Editor in 0.00 ms.
Invoked RoslynAnalysisRunner static constructor.
RoslynAnalysisRunner will not be running.
RoslynAnalysisRunner has terminated.
Mono: successfully reloaded assembly
- Completed reload, in  1.377 seconds
Platform modules already initialized, skipping
Shader 'Universal Render Pipeline/Particles/Lit': fallback shader 'Universal Render Pipeline/Particles/SimpleLit' not found
Shader 'Universal Render Pipeline/Particles/Lit': fallback shader 'Universal Render Pipeline/Particles/SimpleLit' not found
Refreshing native plugins compatible for Editor in 0.45 ms, found 0 plugins.
Preloading 0 native plugins for Editor in 0.00 ms.
Unloading 2567 Unused Serialized files (Serialized files now loaded: 0)
System memory in use before: 123.6 MB.
System memory in use after: 121.4 MB.

Unloading 46 unused Assets to reduce memory usage. Loaded Objects now: 3376.
Total: 4.821900 ms (FindLiveObjects: 0.331000 ms CreateObjectMapping: 0.163800 ms MarkObjects: 2.264800 ms  DeleteObjects: 2.060800 ms)

========================================================================
Received Prepare
Registering precompiled user dll's ...
Registered in 0.005672 seconds.
Begin MonoManager ReloadAssembly
Native extension for WindowsStandalone target not found
Native extension for WebGL target not found
Refreshing native plugins compatible for Editor in 0.55 ms, found 0 plugins.
Preloading 0 native plugins for Editor in 0.00 ms.
Invoked RoslynAnalysisRunner static constructor.
RoslynAnalysisRunner will not be running.
RoslynAnalysisRunner has terminated.
Mono: successfully reloaded assembly
- Completed reload, in  1.524 seconds
Platform modules already initialized, skipping
Shader 'Universal Render Pipeline/Particles/Lit': fallback shader 'Universal Render Pipeline/Particles/SimpleLit' not found
Shader 'Universal Render Pipeline/Particles/Lit': fallback shader 'Universal Render Pipeline/Particles/SimpleLit' not found
Refreshing native plugins compatible for Editor in 0.47 ms, found 0 plugins.
Preloading 0 native plugins for Editor in 0.00 ms.
Unloading 2567 Unused Serialized files (Serialized files now loaded: 0)
System memory in use before: 123.7 MB.
System memory in use after: 121.5 MB.

Unloading 46 unused Assets to reduce memory usage. Loaded Objects now: 3380.
Total: 6.357800 ms (FindLiveObjects: 0.988000 ms CreateObjectMapping: 0.220600 ms MarkObjects: 3.683000 ms  DeleteObjects: 1.464300 ms)

========================================================================
Received Prepare
Registering precompiled user dll's ...
Registered in 0.014101 seconds.
Begin MonoManager ReloadAssembly
Native extension for WindowsStandalone target not found
Native extension for WebGL target not found
Refreshing native plugins compatible for Editor in 0.78 ms, found 0 plugins.
Preloading 0 native plugins for Editor in 0.00 ms.
Invoked RoslynAnalysisRunner static constructor.
RoslynAnalysisRunner will not be running.
RoslynAnalysisRunner has terminated.
Mono: successfully reloaded assembly
- Completed reload, in  1.417 seconds
Platform modules already initialized, skipping
Shader 'Universal Render Pipeline/Particles/Lit': fallback shader 'Universal Render Pipeline/Particles/SimpleLit' not found
Shader 'Universal Render Pipeline/Particles/Lit': fallback shader 'Universal Render Pipeline/Particles/SimpleLit' not found
Refreshing native plugins compatible for Editor in 0.45 ms, found 0 plugins.
Preloading 0 native plugins for Editor in 0.00 ms.
Unloading 2567 Unused Serialized files (Serialized files now loaded: 0)
System memory in use before: 123.7 MB.
System memory in use after: 121.5 MB.

Unloading 46 unused Assets to reduce memory usage. Loaded Objects now: 3384.
Total: 7.537500 ms (FindLiveObjects: 0.484200 ms CreateObjectMapping: 1.490400 ms MarkObjects: 3.415200 ms  DeleteObjects: 2.146000 ms)

========================================================================
Received Import Request.
  Time since last request: 12141.907935 seconds.
  path: Assets/Scenes/diving_squid/DS_GameScene.unity
  artifactKey: Guid(ab4ac444f72e69c4891600f274b52ad1) Importer(815301076,1909f56bfc062723c751e8b465ee728b)
Start importing Assets/Scenes/diving_squid/DS_GameScene.unity using Guid(ab4ac444f72e69c4891600f274b52ad1) Importer(815301076,1909f56bfc062723c751e8b465ee728b)  -> (artifact id: '17e2790ca0204b2b130c58ed0b6bd7ee') in 0.016562 seconds
  Import took 0.048289 seconds .

========================================================================
Received Prepare
Registering precompiled user dll's ...
Registered in 0.011472 seconds.
Begin MonoManager ReloadAssembly
Native extension for WindowsStandalone target not found
Native extension for WebGL target not found
Refreshing native plugins compatible for Editor in 0.77 ms, found 0 plugins.
Preloading 0 native plugins for Editor in 0.00 ms.
Invoked RoslynAnalysisRunner static constructor.
RoslynAnalysisRunner will not be running.
RoslynAnalysisRunner has terminated.
Mono: successfully reloaded assembly
- Completed reload, in  2.515 seconds
Platform modules already initialized, skipping
Shader 'Universal Render Pipeline/Particles/Lit': fallback shader 'Universal Render Pipeline/Particles/SimpleLit' not found
Shader 'Universal Render Pipeline/Particles/Lit': fallback shader 'Universal Render Pipeline/Particles/SimpleLit' not found
Refreshing native plugins compatible for Editor in 4.52 ms, found 0 plugins.
Preloading 0 native plugins for Editor in 0.00 ms.
Unloading 2567 Unused Serialized files (Serialized files now loaded: 0)
System memory in use before: 123.7 MB.
System memory in use after: 121.5 MB.

Unloading 46 unused Assets to reduce memory usage. Loaded Objects now: 3388.
Total: 8.217000 ms (FindLiveObjects: 0.756600 ms CreateObjectMapping: 0.327600 ms MarkObjects: 3.488700 ms  DeleteObjects: 3.641600 ms)

========================================================================
Received Prepare
Registering precompiled user dll's ...
Registered in 0.004639 seconds.
Begin MonoManager ReloadAssembly
Native extension for WindowsStandalone target not found
Native extension for WebGL target not found
Refreshing native plugins compatible for Editor in 0.48 ms, found 0 plugins.
Preloading 0 native plugins for Editor in 0.00 ms.
Invoked RoslynAnalysisRunner static constructor.
RoslynAnalysisRunner will not be running.
RoslynAnalysisRunner has terminated.
Mono: successfully reloaded assembly
- Completed reload, in  1.215 seconds
Platform modules already initialized, skipping
Shader 'Universal Render Pipeline/Particles/Lit': fallback shader 'Universal Render Pipeline/Particles/SimpleLit' not found
Shader 'Universal Render Pipeline/Particles/Lit': fallback shader 'Universal Render Pipeline/Particles/SimpleLit' not found
Refreshing native plugins compatible for Editor in 0.45 ms, found 0 plugins.
Preloading 0 native plugins for Editor in 0.00 ms.
Unloading 2567 Unused Serialized files (Serialized files now loaded: 0)
System memory in use before: 123.7 MB.
System memory in use after: 121.5 MB.

Unloading 46 unused Assets to reduce memory usage. Loaded Objects now: 3392.
Total: 4.886100 ms (FindLiveObjects: 0.777300 ms CreateObjectMapping: 0.194100 ms MarkObjects: 2.291600 ms  DeleteObjects: 1.621200 ms)

========================================================================
Received Prepare
Registering precompiled user dll's ...
Registered in 0.009333 seconds.
Begin MonoManager ReloadAssembly
Native extension for WindowsStandalone target not found
Native extension for WebGL target not found
Refreshing native plugins compatible for Editor in 0.44 ms, found 0 plugins.
Preloading 0 native plugins for Editor in 0.00 ms.
Invoked RoslynAnalysisRunner static constructor.
RoslynAnalysisRunner will not be running.
RoslynAnalysisRunner has terminated.
Mono: successfully reloaded assembly
- Completed reload, in  1.082 seconds
Platform modules already initialized, skipping
Shader 'Universal Render Pipeline/Particles/Lit': fallback shader 'Universal Render Pipeline/Particles/SimpleLit' not found
Shader 'Universal Render Pipeline/Particles/Lit': fallback shader 'Universal Render Pipeline/Particles/SimpleLit' not found
Refreshing native plugins compatible for Editor in 0.44 ms, found 0 plugins.
Preloading 0 native plugins for Editor in 0.00 ms.
Unloading 2567 Unused Serialized files (Serialized files now loaded: 0)
System memory in use before: 123.7 MB.
System memory in use after: 121.5 MB.

Unloading 46 unused Assets to reduce memory usage. Loaded Objects now: 3396.
Total: 6.099600 ms (FindLiveObjects: 0.901500 ms CreateObjectMapping: 0.356800 ms MarkObjects: 3.137900 ms  DeleteObjects: 1.701700 ms)

========================================================================
Received Prepare
Shader 'Universal Render Pipeline/Particles/Lit': fallback shader 'Universal Render Pipeline/Particles/SimpleLit' not found
Shader 'Universal Render Pipeline/Particles/Lit': fallback shader 'Universal Render Pipeline/Particles/SimpleLit' not found
Refreshing native plugins compatible for Editor in 3.19 ms, found 0 plugins.
Preloading 0 native plugins for Editor in 0.00 ms.
Unloading 44 Unused Serialized files (Serialized files now loaded: 0)
System memory in use before: 74.0 MB.
System memory in use after: 71.7 MB.

Unloading 44 unused Assets to reduce memory usage. Loaded Objects now: 3396.
Total: 5.837600 ms (FindLiveObjects: 0.551400 ms CreateObjectMapping: 0.183700 ms MarkObjects: 3.042300 ms  DeleteObjects: 2.058300 ms)

========================================================================
Received Prepare
Registering precompiled user dll's ...
Registered in 0.008041 seconds.
Begin MonoManager ReloadAssembly
Native extension for WindowsStandalone target not found
Native extension for WebGL target not found
Refreshing native plugins compatible for Editor in 0.70 ms, found 0 plugins.
Preloading 0 native plugins for Editor in 0.00 ms.
Invoked RoslynAnalysisRunner static constructor.
RoslynAnalysisRunner will not be running.
RoslynAnalysisRunner has terminated.
Mono: successfully reloaded assembly
- Completed reload, in  2.403 seconds
Platform modules already initialized, skipping
Shader 'Universal Render Pipeline/Particles/Lit': fallback shader 'Universal Render Pipeline/Particles/SimpleLit' not found
Shader 'Universal Render Pipeline/Particles/Lit': fallback shader 'Universal Render Pipeline/Particles/SimpleLit' not found
Refreshing native plugins compatible for Editor in 0.60 ms, found 0 plugins.
Preloading 0 native plugins for Editor in 0.00 ms.
Unloading 2567 Unused Serialized files (Serialized files now loaded: 0)
System memory in use before: 123.7 MB.
System memory in use after: 121.5 MB.

Unloading 46 unused Assets to reduce memory usage. Loaded Objects now: 3400.
Total: 3.977700 ms (FindLiveObjects: 0.297200 ms CreateObjectMapping: 0.134200 ms MarkObjects: 1.961900 ms  DeleteObjects: 1.583100 ms)

========================================================================
Received Prepare
Registering precompiled user dll's ...
Registered in 0.007538 seconds.
Begin MonoManager ReloadAssembly
Native extension for WindowsStandalone target not found
Native extension for WebGL target not found
Refreshing native plugins compatible for Editor in 2.32 ms, found 0 plugins.
Preloading 0 native plugins for Editor in 0.00 ms.
Invoked RoslynAnalysisRunner static constructor.
RoslynAnalysisRunner will not be running.
RoslynAnalysisRunner has terminated.
Mono: successfully reloaded assembly
- Completed reload, in  3.017 seconds
Platform modules already initialized, skipping
Shader 'Universal Render Pipeline/Particles/Lit': fallback shader 'Universal Render Pipeline/Particles/SimpleLit' not found
Shader 'Universal Render Pipeline/Particles/Lit': fallback shader 'Universal Render Pipeline/Particles/SimpleLit' not found
Refreshing native plugins compatible for Editor in 1.00 ms, found 0 plugins.
Preloading 0 native plugins for Editor in 0.00 ms.
Unloading 2567 Unused Serialized files (Serialized files now loaded: 0)
System memory in use before: 123.8 MB.
System memory in use after: 121.5 MB.

Unloading 46 unused Assets to reduce memory usage. Loaded Objects now: 3404.
Total: 10.662900 ms (FindLiveObjects: 0.835800 ms CreateObjectMapping: 1.556200 ms MarkObjects: 5.300700 ms  DeleteObjects: 2.968300 ms)

========================================================================
Received Prepare
Registering precompiled user dll's ...
Registered in 0.011936 seconds.
Begin MonoManager ReloadAssembly
Native extension for WindowsStandalone target not found
Native extension for WebGL target not found
Refreshing native plugins compatible for Editor in 0.47 ms, found 0 plugins.
Preloading 0 native plugins for Editor in 0.00 ms.
Invoked RoslynAnalysisRunner static constructor.
RoslynAnalysisRunner will not be running.
RoslynAnalysisRunner has terminated.
Mono: successfully reloaded assembly
- Completed reload, in  2.740 seconds
Platform modules already initialized, skipping
Shader 'Universal Render Pipeline/Particles/Lit': fallback shader 'Universal Render Pipeline/Particles/SimpleLit' not found
Shader 'Universal Render Pipeline/Particles/Lit': fallback shader 'Universal Render Pipeline/Particles/SimpleLit' not found
Refreshing native plugins compatible for Editor in 1.14 ms, found 0 plugins.
Preloading 0 native plugins for Editor in 0.00 ms.
Unloading 2567 Unused Serialized files (Serialized files now loaded: 0)
System memory in use before: 123.8 MB.
System memory in use after: 121.6 MB.

Unloading 46 unused Assets to reduce memory usage. Loaded Objects now: 3408.
Total: 9.447700 ms (FindLiveObjects: 0.503600 ms CreateObjectMapping: 0.183500 ms MarkObjects: 5.611200 ms  DeleteObjects: 3.147100 ms)

========================================================================
Received Prepare
Registering precompiled user dll's ...
Registered in 0.005853 seconds.
Begin MonoManager ReloadAssembly
Native extension for WindowsStandalone target not found
Native extension for WebGL target not found
Refreshing native plugins compatible for Editor in 0.89 ms, found 0 plugins.
Preloading 0 native plugins for Editor in 0.00 ms.
Invoked RoslynAnalysisRunner static constructor.
RoslynAnalysisRunner will not be running.
RoslynAnalysisRunner has terminated.
Mono: successfully reloaded assembly
- Completed reload, in  2.600 seconds
Platform modules already initialized, skipping
Shader 'Universal Render Pipeline/Particles/Lit': fallback shader 'Universal Render Pipeline/Particles/SimpleLit' not found
Shader 'Universal Render Pipeline/Particles/Lit': fallback shader 'Universal Render Pipeline/Particles/SimpleLit' not found
Refreshing native plugins compatible for Editor in 0.45 ms, found 0 plugins.
Preloading 0 native plugins for Editor in 0.00 ms.
Unloading 2567 Unused Serialized files (Serialized files now loaded: 0)
System memory in use before: 123.8 MB.
System memory in use after: 121.5 MB.

Unloading 46 unused Assets to reduce memory usage. Loaded Objects now: 3412.
Total: 3.963100 ms (FindLiveObjects: 0.312400 ms CreateObjectMapping: 0.134000 ms MarkObjects: 2.012900 ms  DeleteObjects: 1.502400 ms)

========================================================================
Received Prepare
Registering precompiled user dll's ...
Registered in 0.003902 seconds.
Begin MonoManager ReloadAssembly
Native extension for WindowsStandalone target not found
Native extension for WebGL target not found
Refreshing native plugins compatible for Editor in 1.03 ms, found 0 plugins.
Preloading 0 native plugins for Editor in 0.00 ms.
Invoked RoslynAnalysisRunner static constructor.
RoslynAnalysisRunner will not be running.
RoslynAnalysisRunner has terminated.
Mono: successfully reloaded assembly
- Completed reload, in  6.654 seconds
Platform modules already initialized, skipping
Shader 'Universal Render Pipeline/Particles/Lit': fallback shader 'Universal Render Pipeline/Particles/SimpleLit' not found
Shader 'Universal Render Pipeline/Particles/Lit': fallback shader 'Universal Render Pipeline/Particles/SimpleLit' not found
Refreshing native plugins compatible for Editor in 0.48 ms, found 0 plugins.
Preloading 0 native plugins for Editor in 0.00 ms.
Unloading 2567 Unused Serialized files (Serialized files now loaded: 0)
System memory in use before: 123.8 MB.
System memory in use after: 121.5 MB.

Unloading 46 unused Assets to reduce memory usage. Loaded Objects now: 3416.
Total: 4.055600 ms (FindLiveObjects: 0.345800 ms CreateObjectMapping: 0.146700 ms MarkObjects: 2.087200 ms  DeleteObjects: 1.474200 ms)

========================================================================
Received Prepare
Shader 'Universal Render Pipeline/Particles/Lit': fallback shader 'Universal Render Pipeline/Particles/SimpleLit' not found
Shader 'Universal Render Pipeline/Particles/Lit': fallback shader 'Universal Render Pipeline/Particles/SimpleLit' not found
Refreshing native plugins compatible for Editor in 3.21 ms, found 0 plugins.
Preloading 0 native plugins for Editor in 0.00 ms.
Unloading 44 Unused Serialized files (Serialized files now loaded: 0)
System memory in use before: 74.0 MB.
System memory in use after: 71.8 MB.

Unloading 44 unused Assets to reduce memory usage. Loaded Objects now: 3416.
Total: 4.434300 ms (FindLiveObjects: 0.495000 ms CreateObjectMapping: 0.245300 ms MarkObjects: 2.139000 ms  DeleteObjects: 1.553400 ms)

========================================================================
Received Prepare
Registering precompiled user dll's ...
Registered in 0.005248 seconds.
Begin MonoManager ReloadAssembly
Native extension for WindowsStandalone target not found
Native extension for WebGL target not found
Refreshing native plugins compatible for Editor in 0.44 ms, found 0 plugins.
Preloading 0 native plugins for Editor in 0.00 ms.
Invoked RoslynAnalysisRunner static constructor.
RoslynAnalysisRunner will not be running.
RoslynAnalysisRunner has terminated.
Mono: successfully reloaded assembly
- Completed reload, in  1.050 seconds
Platform modules already initialized, skipping
Shader 'Universal Render Pipeline/Particles/Lit': fallback shader 'Universal Render Pipeline/Particles/SimpleLit' not found
Shader 'Universal Render Pipeline/Particles/Lit': fallback shader 'Universal Render Pipeline/Particles/SimpleLit' not found
Refreshing native plugins compatible for Editor in 0.75 ms, found 0 plugins.
Preloading 0 native plugins for Editor in 0.00 ms.
Unloading 2567 Unused Serialized files (Serialized files now loaded: 0)
System memory in use before: 123.8 MB.
System memory in use after: 121.6 MB.

Unloading 46 unused Assets to reduce memory usage. Loaded Objects now: 3420.
Total: 4.507600 ms (FindLiveObjects: 0.403200 ms CreateObjectMapping: 0.183600 ms MarkObjects: 2.223900 ms  DeleteObjects: 1.695300 ms)

========================================================================
Received Prepare
Registering precompiled user dll's ...
Registered in 0.007074 seconds.
Begin MonoManager ReloadAssembly
Native extension for WindowsStandalone target not found
Native extension for WebGL target not found
Refreshing native plugins compatible for Editor in 0.49 ms, found 0 plugins.
Preloading 0 native plugins for Editor in 0.00 ms.
Invoked RoslynAnalysisRunner static constructor.
RoslynAnalysisRunner will not be running.
RoslynAnalysisRunner has terminated.
Mono: successfully reloaded assembly
- Completed reload, in  1.161 seconds
Platform modules already initialized, skipping
Shader 'Universal Render Pipeline/Particles/Lit': fallback shader 'Universal Render Pipeline/Particles/SimpleLit' not found
Shader 'Universal Render Pipeline/Particles/Lit': fallback shader 'Universal Render Pipeline/Particles/SimpleLit' not found
Refreshing native plugins compatible for Editor in 0.52 ms, found 0 plugins.
Preloading 0 native plugins for Editor in 0.00 ms.
Unloading 2567 Unused Serialized files (Serialized files now loaded: 0)
System memory in use before: 123.8 MB.
System memory in use after: 121.6 MB.

Unloading 46 unused Assets to reduce memory usage. Loaded Objects now: 3424.
Total: 6.935000 ms (FindLiveObjects: 0.509700 ms CreateObjectMapping: 0.325100 ms MarkObjects: 4.121400 ms  DeleteObjects: 1.976900 ms)

========================================================================
Received Prepare
Registering precompiled user dll's ...
Registered in 0.006326 seconds.
Begin MonoManager ReloadAssembly
Native extension for WindowsStandalone target not found
Native extension for WebGL target not found
Refreshing native plugins compatible for Editor in 0.45 ms, found 0 plugins.
Preloading 0 native plugins for Editor in 0.00 ms.
Invoked RoslynAnalysisRunner static constructor.
RoslynAnalysisRunner will not be running.
RoslynAnalysisRunner has terminated.
Mono: successfully reloaded assembly
- Completed reload, in  1.173 seconds
Platform modules already initialized, skipping
Shader 'Universal Render Pipeline/Particles/Lit': fallback shader 'Universal Render Pipeline/Particles/SimpleLit' not found
Shader 'Universal Render Pipeline/Particles/Lit': fallback shader 'Universal Render Pipeline/Particles/SimpleLit' not found
Refreshing native plugins compatible for Editor in 0.53 ms, found 0 plugins.
Preloading 0 native plugins for Editor in 0.00 ms.
Unloading 2567 Unused Serialized files (Serialized files now loaded: 0)
System memory in use before: 123.8 MB.
System memory in use after: 121.6 MB.

Unloading 46 unused Assets to reduce memory usage. Loaded Objects now: 3428.
Total: 6.050300 ms (FindLiveObjects: 0.322500 ms CreateObjectMapping: 0.170500 ms MarkObjects: 3.818600 ms  DeleteObjects: 1.737400 ms)

========================================================================
Received Prepare
Shader 'Universal Render Pipeline/Particles/Lit': fallback shader 'Universal Render Pipeline/Particles/SimpleLit' not found
Shader 'Universal Render Pipeline/Particles/Lit': fallback shader 'Universal Render Pipeline/Particles/SimpleLit' not found
Refreshing native plugins compatible for Editor in 4.40 ms, found 0 plugins.
Preloading 0 native plugins for Editor in 0.00 ms.
Unloading 44 Unused Serialized files (Serialized files now loaded: 0)
System memory in use before: 74.0 MB.
System memory in use after: 71.8 MB.

Unloading 44 unused Assets to reduce memory usage. Loaded Objects now: 3428.
Total: 7.158400 ms (FindLiveObjects: 0.669600 ms CreateObjectMapping: 0.228200 ms MarkObjects: 4.123800 ms  DeleteObjects: 2.135000 ms)

========================================================================
Received Prepare
Registering precompiled user dll's ...
Registered in 0.004104 seconds.
Begin MonoManager ReloadAssembly
Native extension for WindowsStandalone target not found
Native extension for WebGL target not found
Refreshing native plugins compatible for Editor in 0.45 ms, found 0 plugins.
Preloading 0 native plugins for Editor in 0.00 ms.
Invoked RoslynAnalysisRunner static constructor.
RoslynAnalysisRunner will not be running.
RoslynAnalysisRunner has terminated.
Mono: successfully reloaded assembly
- Completed reload, in  1.042 seconds
Platform modules already initialized, skipping
Shader 'Universal Render Pipeline/Particles/Lit': fallback shader 'Universal Render Pipeline/Particles/SimpleLit' not found
Shader 'Universal Render Pipeline/Particles/Lit': fallback shader 'Universal Render Pipeline/Particles/SimpleLit' not found
Refreshing native plugins compatible for Editor in 0.50 ms, found 0 plugins.
Preloading 0 native plugins for Editor in 0.00 ms.
Unloading 2567 Unused Serialized files (Serialized files now loaded: 0)
System memory in use before: 123.8 MB.
System memory in use after: 121.6 MB.

Unloading 46 unused Assets to reduce memory usage. Loaded Objects now: 3432.
Total: 4.581200 ms (FindLiveObjects: 0.541300 ms CreateObjectMapping: 0.203400 ms MarkObjects: 2.394800 ms  DeleteObjects: 1.440200 ms)

========================================================================
Received Prepare
Shader 'Universal Render Pipeline/Particles/Lit': fallback shader 'Universal Render Pipeline/Particles/SimpleLit' not found
Shader 'Universal Render Pipeline/Particles/Lit': fallback shader 'Universal Render Pipeline/Particles/SimpleLit' not found
Refreshing native plugins compatible for Editor in 3.04 ms, found 0 plugins.
Preloading 0 native plugins for Editor in 0.00 ms.
Unloading 44 Unused Serialized files (Serialized files now loaded: 0)
System memory in use before: 74.1 MB.
System memory in use after: 71.8 MB.

Unloading 44 unused Assets to reduce memory usage. Loaded Objects now: 3432.
Total: 4.644400 ms (FindLiveObjects: 0.392600 ms CreateObjectMapping: 0.189100 ms MarkObjects: 2.256500 ms  DeleteObjects: 1.803900 ms)

========================================================================
Received Prepare
Registering precompiled user dll's ...
Registered in 0.012513 seconds.
Begin MonoManager ReloadAssembly
Native extension for WindowsStandalone target not found
Native extension for WebGL target not found
Refreshing native plugins compatible for Editor in 0.87 ms, found 0 plugins.
Preloading 0 native plugins for Editor in 0.00 ms.
Invoked RoslynAnalysisRunner static constructor.
RoslynAnalysisRunner will not be running.
RoslynAnalysisRunner has terminated.
Mono: successfully reloaded assembly
- Completed reload, in  3.325 seconds
Platform modules already initialized, skipping
Shader 'Universal Render Pipeline/Particles/Lit': fallback shader 'Universal Render Pipeline/Particles/SimpleLit' not found
Shader 'Universal Render Pipeline/Particles/Lit': fallback shader 'Universal Render Pipeline/Particles/SimpleLit' not found
Refreshing native plugins compatible for Editor in 0.61 ms, found 0 plugins.
Preloading 0 native plugins for Editor in 0.00 ms.
Unloading 2567 Unused Serialized files (Serialized files now loaded: 0)
System memory in use before: 123.8 MB.
System memory in use after: 121.6 MB.

Unloading 46 unused Assets to reduce memory usage. Loaded Objects now: 3436.
Total: 14.041000 ms (FindLiveObjects: 1.101200 ms CreateObjectMapping: 0.331200 ms MarkObjects: 4.900200 ms  DeleteObjects: 7.706600 ms)

========================================================================
Received Import Request.
  Time since last request: 2305.168671 seconds.
  path: Assets/Resources/Prefabs/RoomFeedItem.prefab
  artifactKey: Guid(2572c700a4b0d06449f6945234bf42f0) Importer(815301076,1909f56bfc062723c751e8b465ee728b)
Start importing Assets/Resources/Prefabs/RoomFeedItem.prefab using Guid(2572c700a4b0d06449f6945234bf42f0) Importer(815301076,1909f56bfc062723c751e8b465ee728b)  -> (artifact id: '1a0b06adf6e2fb240617a6b9abcd32fa') in 0.142984 seconds
  Import took 0.177622 seconds .

========================================================================
Received Prepare
Registering precompiled user dll's ...
Registered in 0.009288 seconds.
Begin MonoManager ReloadAssembly
Native extension for WindowsStandalone target not found
Native extension for WebGL target not found
Refreshing native plugins compatible for Editor in 0.48 ms, found 0 plugins.
Preloading 0 native plugins for Editor in 0.00 ms.
Invoked RoslynAnalysisRunner static constructor.
RoslynAnalysisRunner will not be running.
RoslynAnalysisRunner has terminated.
Mono: successfully reloaded assembly
- Completed reload, in  1.218 seconds
Platform modules already initialized, skipping
Shader 'Universal Render Pipeline/Particles/Lit': fallback shader 'Universal Render Pipeline/Particles/SimpleLit' not found
Shader 'Universal Render Pipeline/Particles/Lit': fallback shader 'Universal Render Pipeline/Particles/SimpleLit' not found
Refreshing native plugins compatible for Editor in 0.48 ms, found 0 plugins.
Preloading 0 native plugins for Editor in 0.00 ms.
Unloading 2567 Unused Serialized files (Serialized files now loaded: 0)
System memory in use before: 123.8 MB.
System memory in use after: 121.6 MB.

Unloading 46 unused Assets to reduce memory usage. Loaded Objects now: 3440.
Total: 4.392800 ms (FindLiveObjects: 0.336700 ms CreateObjectMapping: 0.128600 ms MarkObjects: 2.214100 ms  DeleteObjects: 1.711800 ms)

========================================================================
Received Import Request.
  Time since last request: 33.845880 seconds.
  path: Assets/Resources/Prefabs/RoomFeedItem.prefab
  artifactKey: Guid(2572c700a4b0d06449f6945234bf42f0) Importer(815301076,1909f56bfc062723c751e8b465ee728b)
Start importing Assets/Resources/Prefabs/RoomFeedItem.prefab using Guid(2572c700a4b0d06449f6945234bf42f0) Importer(815301076,1909f56bfc062723c751e8b465ee728b)  -> (artifact id: 'e326ac573813e09cee928221371e630f') in 0.047301 seconds
  Import took 0.069869 seconds .

========================================================================
Received Import Request.
  Time since last request: 3.120603 seconds.
  path: Assets/Resources/Prefabs/RoomFeedItem.prefab
  artifactKey: Guid(2572c700a4b0d06449f6945234bf42f0) Importer(815301076,1909f56bfc062723c751e8b465ee728b)
Start importing Assets/Resources/Prefabs/RoomFeedItem.prefab using Guid(2572c700a4b0d06449f6945234bf42f0) Importer(815301076,1909f56bfc062723c751e8b465ee728b)  -> (artifact id: '4540697f64905c2dfc61af3196ef6180') in 0.033619 seconds
  Import took 0.064147 seconds .

========================================================================
Received Import Request.
  Time since last request: 2.119394 seconds.
  path: Assets/Resources/Prefabs/RoomFeedItem.prefab
  artifactKey: Guid(2572c700a4b0d06449f6945234bf42f0) Importer(815301076,1909f56bfc062723c751e8b465ee728b)
Start importing Assets/Resources/Prefabs/RoomFeedItem.prefab using Guid(2572c700a4b0d06449f6945234bf42f0) Importer(815301076,1909f56bfc062723c751e8b465ee728b)  -> (artifact id: '88ccc7f319e722d1c38466eee321be3f') in 0.004620 seconds
  Import took 0.038190 seconds .

========================================================================
Received Import Request.
  Time since last request: 0.002148 seconds.
  path: Assets/Resources/Prefabs/RoomFeedItem.prefab
  artifactKey: Guid(2572c700a4b0d06449f6945234bf42f0) Importer(815301076,1909f56bfc062723c751e8b465ee728b)
Start importing Assets/Resources/Prefabs/RoomFeedItem.prefab using Guid(2572c700a4b0d06449f6945234bf42f0) Importer(815301076,1909f56bfc062723c751e8b465ee728b)  -> (artifact id: '88ccc7f319e722d1c38466eee321be3f') in 0.009918 seconds
  Import took 0.044472 seconds .

========================================================================
Received Import Request.
  Time since last request: 1.259487 seconds.
  path: Assets/Resources/Prefabs/RoomFeedItem.prefab
  artifactKey: Guid(2572c700a4b0d06449f6945234bf42f0) Importer(815301076,1909f56bfc062723c751e8b465ee728b)
Start importing Assets/Resources/Prefabs/RoomFeedItem.prefab using Guid(2572c700a4b0d06449f6945234bf42f0) Importer(815301076,1909f56bfc062723c751e8b465ee728b)  -> (artifact id: 'bc0a7c7abf5b23b920145da8b10b3404') in 0.028738 seconds
  Import took 0.066578 seconds .

========================================================================
Received Import Request.
  Time since last request: 0.009895 seconds.
  path: Assets/Resources/Prefabs/RoomFeedItem.prefab
  artifactKey: Guid(2572c700a4b0d06449f6945234bf42f0) Importer(815301076,1909f56bfc062723c751e8b465ee728b)
Start importing Assets/Resources/Prefabs/RoomFeedItem.prefab using Guid(2572c700a4b0d06449f6945234bf42f0) Importer(815301076,1909f56bfc062723c751e8b465ee728b)  -> (artifact id: 'bc0a7c7abf5b23b920145da8b10b3404') in 0.005843 seconds
  Import took 0.010606 seconds .

========================================================================
Received Import Request.
  Time since last request: 8.101511 seconds.
  path: Assets/Resources/Prefabs/RoomFeedItem.prefab
  artifactKey: Guid(2572c700a4b0d06449f6945234bf42f0) Importer(815301076,1909f56bfc062723c751e8b465ee728b)
Start importing Assets/Resources/Prefabs/RoomFeedItem.prefab using Guid(2572c700a4b0d06449f6945234bf42f0) Importer(815301076,1909f56bfc062723c751e8b465ee728b)  -> (artifact id: 'd5aadcedf65e8f0b101afd1e1acf9165') in 0.006237 seconds
  Import took 0.011609 seconds .

========================================================================
Received Prepare
Registering precompiled user dll's ...
Registered in 0.054993 seconds.
Begin MonoManager ReloadAssembly
Native extension for WindowsStandalone target not found
Native extension for WebGL target not found
Refreshing native plugins compatible for Editor in 3.78 ms, found 0 plugins.
Preloading 0 native plugins for Editor in 0.00 ms.
Invoked RoslynAnalysisRunner static constructor.
RoslynAnalysisRunner will not be running.
RoslynAnalysisRunner has terminated.
Mono: successfully reloaded assembly
- Completed reload, in  3.280 seconds
Platform modules already initialized, skipping
Shader 'Universal Render Pipeline/Particles/Lit': fallback shader 'Universal Render Pipeline/Particles/SimpleLit' not found
Shader 'Universal Render Pipeline/Particles/Lit': fallback shader 'Universal Render Pipeline/Particles/SimpleLit' not found
Refreshing native plugins compatible for Editor in 3.11 ms, found 0 plugins.
Preloading 0 native plugins for Editor in 0.00 ms.
Unloading 2567 Unused Serialized files (Serialized files now loaded: 0)
System memory in use before: 123.9 MB.
System memory in use after: 121.7 MB.

Unloading 46 unused Assets to reduce memory usage. Loaded Objects now: 3446.
Total: 11.467800 ms (FindLiveObjects: 2.988400 ms CreateObjectMapping: 0.342500 ms MarkObjects: 4.442700 ms  DeleteObjects: 3.692200 ms)

========================================================================
Received Import Request.
  Time since last request: 87.662380 seconds.
  path: Assets/Resources/Prefabs/Player.prefab
  artifactKey: Guid(24d9a9b7d14f6414b96ae4b684cd9623) Importer(815301076,1909f56bfc062723c751e8b465ee728b)
Start importing Assets/Resources/Prefabs/Player.prefab using Guid(24d9a9b7d14f6414b96ae4b684cd9623) Importer(815301076,1909f56bfc062723c751e8b465ee728b)  -> (artifact id: '2243c50124b95234f942a945aad96507') in 0.386575 seconds
  Import took 0.410303 seconds .

AssetImportWorkerClient::OnTransportError - code=2 error=End of file
